<?xml version="1.0" encoding="UTF-8"?>
<!-- Generated by org.testng.reporters.JUnitReportReporter -->
<testsuite skipped="0" hostname="LAPTOP-KQHR9NHD" name="com.test.TestNgBasics" tests="2" failures="0" timestamp="2019-10-31T16:13:21 IST" time="0.011" errors="0">
  <testcase name="searchText" time="0.001" classname="com.test.TestNgBasics"/>
  <testcase name="firefoxTitleText" time="0.010" classname="com.test.TestNgBasics"/>
</testsuite> <!-- com.test.TestNgBasics -->
