<?xml version="1.0" encoding="UTF-8"?>
<!-- Generated by org.testng.reporters.JUnitReportReporter -->
<testsuite skipped="0" hostname="LAPTOP-KQHR9NHD" name="com.test.FirefoxTest" tests="5" failures="0" timestamp="2019-10-31T17:04:40 IST" time="53.054" errors="0">
  <testcase name="firefoxTitleText" time="10.903" classname="com.test.FirefoxTest"/>
  <testcase name="test1" time="10.331" classname="com.test.FirefoxTest"/>
  <testcase name="logoTest" time="10.009" classname="com.test.FirefoxTest"/>
  <testcase name="test2" time="11.626" classname="com.test.FirefoxTest"/>
  <testcase name="test3" time="10.185" classname="com.test.FirefoxTest"/>
</testsuite> <!-- com.test.FirefoxTest -->
